TN:
SF:src/app.ts
FN:18,(anonymous_1)
FN:19,(anonymous_2)
FNF:2
FNH:2
FNDA:1,(anonymous_1)
FNDA:1,(anonymous_2)
DA:1,1
DA:2,1
DA:3,1
DA:5,1
DA:7,1
DA:9,1
DA:10,1
DA:14,1
DA:15,1
DA:16,1
DA:18,1
DA:19,1
DA:20,1
DA:25,1
LF:14
LH:14
BRDA:7,0,0,1
BRDA:7,0,1,1
BRF:2
BRH:2
end_of_record
TN:
SF:src/controller/testController.ts
FN:7,(anonymous_8)
FN:9,(anonymous_9)
FN:9,(anonymous_10)
FN:17,(anonymous_11)
FN:17,(anonymous_12)
FN:24,(anonymous_13)
FN:28,(anonymous_14)
FN:36,(anonymous_15)
FN:36,(anonymous_16)
FN:47,(anonymous_17)
FN:47,(anonymous_18)
FN:56,(anonymous_19)
FN:59,(anonymous_20)
FN:68,(anonymous_21)
FN:68,(anonymous_22)
FN:75,(anonymous_23)
FN:78,(anonymous_24)
FN:83,(anonymous_25)
FN:83,(anonymous_26)
FN:94,(anonymous_27)
FN:98,(anonymous_28)
FN:107,(anonymous_29)
FN:107,(anonymous_30)
FNF:23
FNH:6
FNDA:1,(anonymous_8)
FNDA:1,(anonymous_9)
FNDA:1,(anonymous_10)
FNDA:2,(anonymous_11)
FNDA:2,(anonymous_12)
FNDA:2,(anonymous_13)
FNDA:0,(anonymous_14)
FNDA:0,(anonymous_15)
FNDA:0,(anonymous_16)
FNDA:0,(anonymous_17)
FNDA:0,(anonymous_18)
FNDA:0,(anonymous_19)
FNDA:0,(anonymous_20)
FNDA:0,(anonymous_21)
FNDA:0,(anonymous_22)
FNDA:0,(anonymous_23)
FNDA:0,(anonymous_24)
FNDA:0,(anonymous_25)
FNDA:0,(anonymous_26)
FNDA:0,(anonymous_27)
FNDA:0,(anonymous_28)
FNDA:0,(anonymous_29)
FNDA:0,(anonymous_30)
DA:2,1
DA:3,1
DA:4,1
DA:5,1
DA:9,1
DA:10,1
DA:11,1
DA:14,1
DA:17,2
DA:20,2
DA:23,2
DA:25,2
DA:26,2
DA:29,0
DA:36,1
DA:38,0
DA:40,0
DA:41,0
DA:44,0
DA:47,1
DA:49,0
DA:52,0
DA:55,0
DA:57,0
DA:60,0
DA:68,1
DA:70,0
DA:74,0
DA:76,0
DA:79,0
DA:83,1
DA:85,0
DA:86,0
DA:88,0
DA:89,0
DA:91,0
DA:93,0
DA:95,0
DA:96,0
DA:99,0
DA:107,1
DA:110,0
DA:113,0
DA:115,0
DA:116,0
DA:120,0
DA:124,0
DA:129,1
LF:48
LH:19
BRDA:31,0,0,0
BRDA:31,0,1,0
BRDA:62,1,0,0
BRDA:62,1,1,0
BRDA:85,2,0,0
BRDA:85,2,1,0
BRDA:101,3,0,0
BRDA:101,3,1,0
BRF:8
BRH:0
end_of_record
TN:
SF:src/middleware/upload.ts
FN:24,(anonymous_1)
FN:27,(anonymous_2)
FNF:2
FNH:0
FNDA:0,(anonymous_1)
FNDA:0,(anonymous_2)
DA:2,1
DA:23,1
DA:25,0
DA:28,0
DA:32,1
DA:36,1
LF:6
LH:4
BRF:0
BRH:0
end_of_record
TN:
SF:src/models/connection.ts
FN:13,(anonymous_1)
FN:16,(anonymous_2)
FN:28,(anonymous_3)
FNF:3
FNH:2
FNDA:1,(anonymous_1)
FNDA:0,(anonymous_2)
FNDA:1,(anonymous_3)
DA:1,1
DA:2,1
DA:5,1
DA:12,1
DA:14,1
DA:17,0
DA:22,1
DA:23,1
DA:24,1
DA:26,1
DA:28,1
DA:29,1
DA:32,1
LF:13
LH:12
BRF:0
BRH:0
end_of_record
TN:
SF:src/models/test.ts
FN:1,Carsadd
FNF:1
FNH:1
FNDA:1,Carsadd
DA:2,1
DA:16,1
DA:18,1
LF:3
LH:3
BRF:0
BRH:0
end_of_record
TN:
SF:src/router/test.ts
FNF:0
FNH:0
DA:1,1
DA:2,1
DA:3,1
DA:4,1
DA:5,1
DA:7,1
DA:8,1
DA:10,1
DA:12,1
DA:14,1
DA:16,1
DA:18,1
DA:20,1
DA:22,1
DA:24,1
LF:15
LH:15
BRF:0
BRH:0
end_of_record
TN:
SF:src/test-case/testCtrl.spec.ts
FN:11,(anonymous_8)
FN:12,(anonymous_9)
FN:12,(anonymous_10)
FN:18,(anonymous_11)
FN:18,(anonymous_12)
FN:29,(anonymous_13)
FN:29,(anonymous_14)
FNF:7
FNH:7
FNDA:1,(anonymous_8)
FNDA:1,(anonymous_9)
FNDA:1,(anonymous_10)
FNDA:1,(anonymous_11)
FNDA:1,(anonymous_12)
FNDA:1,(anonymous_13)
FNDA:1,(anonymous_14)
DA:2,1
DA:3,1
DA:4,1
DA:5,1
DA:6,1
DA:7,1
DA:8,1
DA:11,1
DA:12,1
DA:13,1
DA:15,1
DA:18,1
DA:19,1
DA:26,1
DA:29,1
DA:30,1
DA:32,1
LF:17
LH:17
BRF:0
BRH:0
end_of_record
